<?xml version="1.0" encoding="UTF-8"?>
<!-- Generated by org.testng.reporters.JUnitReportReporter -->
<testsuite skipped="0" hostname="INLT-DCD873A4" name="com.demoworkshop.qa.Test.DemoWorkShop_End_To_End" tests="7" failures="0" timestamp="13 Jun 2020 18:54:42 GMT" time="58.351" errors="0">
  <testcase name="TC001_LoginToDemoWebshop" time="4.702" classname="com.demoworkshop.qa.Test.DemoWorkShop_End_To_End"/>
  <testcase name="TC002_Verify_Demowebshop_Homepage_IsDisplayed" time="0.590" classname="com.demoworkshop.qa.Test.DemoWorkShop_End_To_End"/>
  <testcase name="TC003_SelectBooks_From_BooksPage" time="4.231" classname="com.demoworkshop.qa.Test.DemoWorkShop_End_To_End"/>
  <testcase name="TC004_SelectDesktops_From_ComputersPage" time="10.879" classname="com.demoworkshop.qa.Test.DemoWorkShop_End_To_End"/>
  <testcase name="TC005_SelectJewelry_From_JewelryPage" time="6.272" classname="com.demoworkshop.qa.Test.DemoWorkShop_End_To_End"/>
  <testcase name="TC006_SelectGiftCard_From_GiftCardPage" time="11.804" classname="com.demoworkshop.qa.Test.DemoWorkShop_End_To_End"/>
  <testcase name="TC007_SelectShippingCart_From_DemoWebShop" time="19.873" classname="com.demoworkshop.qa.Test.DemoWorkShop_End_To_End"/>
</testsuite> <!-- com.demoworkshop.qa.Test.DemoWorkShop_End_To_End -->
